[0m[1mdata.terraform_remote_state.infra: Refreshing state...[0m
[0m[1mdata.terraform_remote_state.iam: Refreshing state...[0m
[0m[1mgoogle_container_cluster.shared: Creating...[0m[0m
[0m[1mgoogle_container_cluster.shared: Still creating... [10s elapsed][0m[0m
[0m[1mgoogle_container_cluster.shared: Still creating... [20s elapsed][0m[0m
[0m[1mgoogle_container_cluster.shared: Still creating... [30s elapsed][0m[0m
[0m[1mgoogle_container_cluster.shared: Still creating... [40s elapsed][0m[0m
[0m[1mgoogle_container_cluster.shared: Still creating... [50s elapsed][0m[0m
[0m[1mgoogle_container_cluster.shared: Still creating... [1m0s elapsed][0m[0m
[0m[1mgoogle_container_cluster.shared: Still creating... [1m10s elapsed][0m[0m
[0m[1mgoogle_container_cluster.shared: Still creating... [1m20s elapsed][0m[0m
[0m[1mgoogle_container_cluster.shared: Still creating... [1m30s elapsed][0m[0m
[0m[1mgoogle_container_cluster.shared: Still creating... [1m40s elapsed][0m[0m
[0m[1mgoogle_container_cluster.shared: Still creating... [1m50s elapsed][0m[0m
[0m[1mgoogle_container_cluster.shared: Still creating... [2m0s elapsed][0m[0m
[0m[1mgoogle_container_cluster.shared: Still creating... [2m10s elapsed][0m[0m
[0m[1mgoogle_container_cluster.shared: Still creating... [2m20s elapsed][0m[0m
[0m[1mgoogle_container_cluster.shared: Still creating... [2m30s elapsed][0m[0m
[0m[1mgoogle_container_cluster.shared: Still creating... [2m40s elapsed][0m[0m
[0m[1mgoogle_container_cluster.shared: Still creating... [2m50s elapsed][0m[0m
[0m[1mgoogle_container_cluster.shared: Still creating... [3m0s elapsed][0m[0m
[0m[1mgoogle_container_cluster.shared: Still creating... [3m10s elapsed][0m[0m
[0m[1mgoogle_container_cluster.shared: Still creating... [3m20s elapsed][0m[0m
[0m[1mgoogle_container_cluster.shared: Still creating... [3m30s elapsed][0m[0m
[0m[1mgoogle_container_cluster.shared: Still creating... [3m40s elapsed][0m[0m
[0m[1mgoogle_container_cluster.shared: Still creating... [3m50s elapsed][0m[0m
[0m[1mgoogle_container_cluster.shared: Still creating... [4m0s elapsed][0m[0m
[0m[1mgoogle_container_cluster.shared: Still creating... [4m10s elapsed][0m[0m
[0m[1mgoogle_container_cluster.shared: Still creating... [4m20s elapsed][0m[0m
[0m[1mgoogle_container_cluster.shared: Still creating... [4m30s elapsed][0m[0m
[0m[1mgoogle_container_cluster.shared: Creation complete after 4m39s [id=projects/p-vog23x9oea5u-0/locations/us-central1-a/clusters/shared-vfej][0m[0m
[0m[1m[32m
Apply complete! Resources: 1 added, 0 changed, 0 destroyed.[0m
[0m[1m[32m
Outputs:

gcp_gke_cluster_shared_name = shared-vfej[0m
