[0m[1mdata.aws_ami.ubuntu: Refreshing state...[0m
[0m[1mrandom_string.env: Creating...[0m[0m
[0m[1mrandom_string.env: Creation complete after 0s [id=vfej][0m[0m
[0m[1mmodule.gcp-vpc-shared-svcs.module.vpc.google_compute_network.network: Creating...[0m[0m
[0m[1mmodule.gcp-vpc-app.module.vpc.google_compute_network.network: Creating...[0m[0m
[0m[1mmodule.aws-vpc-shared-svcs.aws_vpc.this[0]: Creating...[0m[0m
[0m[1mmodule.aws-vpc-shared-svcs.aws_eip.nat[0]: Creating...[0m[0m
[0m[1mmodule.aws-vpc-app.aws_eip.nat[0]: Creating...[0m[0m
[0m[1mmodule.aws-vpc-app.aws_vpc.this[0]: Creating...[0m[0m
[0m[1maws_key_pair.demo: Creating...[0m[0m
[0m[1maws_key_pair.demo: Creation complete after 1s [id=instruqt-vfej][0m[0m
[0m[1mmodule.aws-vpc-shared-svcs.aws_eip.nat[0]: Creation complete after 1s [id=eipalloc-02c9b996341e7e80d][0m[0m
[0m[1mmodule.aws-vpc-app.aws_eip.nat[0]: Creation complete after 1s [id=eipalloc-083d0f6464aa65f31][0m[0m
[0m[1mazurerm_resource_group.instruqt: Creating...[0m[0m
[0m[1mazurerm_resource_group.instruqt: Creation complete after 3s [id=/subscriptions/37bc21fd-d0f5-46a3-8802-d5136be12b7e/resourceGroups/instruqt-vfej][0m[0m
[0m[1mmodule.azure-shared-svcs-network.data.azurerm_resource_group.network: Reading...[0m[0m
[0m[1mmodule.azure-app-network.data.azurerm_resource_group.network: Reading...[0m[0m
[0m[1mmodule.azure-shared-svcs-network.data.azurerm_resource_group.network: Read complete after 0s [id=/subscriptions/37bc21fd-d0f5-46a3-8802-d5136be12b7e/resourceGroups/instruqt-vfej][0m[0m
[0m[1mmodule.azure-shared-svcs-network.azurerm_virtual_network.vnet: Creating...[0m[0m
[0m[1mmodule.azure-app-network.data.azurerm_resource_group.network: Read complete after 0s [id=/subscriptions/37bc21fd-d0f5-46a3-8802-d5136be12b7e/resourceGroups/instruqt-vfej][0m[0m
[0m[1mmodule.azure-app-network.azurerm_virtual_network.vnet: Creating...[0m[0m
[0m[1mmodule.gcp-vpc-shared-svcs.module.vpc.google_compute_network.network: Still creating... [10s elapsed][0m[0m
[0m[1mmodule.gcp-vpc-app.module.vpc.google_compute_network.network: Still creating... [10s elapsed][0m[0m
[0m[1mmodule.aws-vpc-shared-svcs.aws_vpc.this[0]: Still creating... [10s elapsed][0m[0m
[0m[1mmodule.aws-vpc-app.aws_vpc.this[0]: Still creating... [10s elapsed][0m[0m
[0m[1mmodule.aws-vpc-app.aws_vpc.this[0]: Creation complete after 16s [id=vpc-0da048706608ba401][0m[0m
[0m[1mmodule.aws-vpc-app.aws_route_table.private[0]: Creating...[0m[0m
[0m[1mmodule.aws-vpc-app.aws_internet_gateway.this[0]: Creating...[0m[0m
[0m[1mmodule.aws-vpc-app.aws_subnet.public[1]: Creating...[0m[0m
[0m[1mmodule.aws-vpc-app.aws_subnet.public[2]: Creating...[0m[0m
[0m[1mmodule.aws-vpc-app.aws_route_table.public[0]: Creating...[0m[0m
[0m[1mmodule.aws-vpc-shared-svcs.aws_vpc.this[0]: Creation complete after 16s [id=vpc-09d729a27d42ad613][0m[0m
[0m[1mmodule.aws-vpc-app.aws_subnet.private[0]: Creating...[0m[0m
[0m[1mmodule.azure-shared-svcs-network.azurerm_virtual_network.vnet: Creation complete after 9s [id=/subscriptions/37bc21fd-d0f5-46a3-8802-d5136be12b7e/resourceGroups/instruqt-vfej/providers/Microsoft.Network/virtualNetworks/shared-svcs-vnet][0m[0m
[0m[1mmodule.aws-vpc-app.aws_subnet.public[0]: Creating...[0m[0m
[0m[1mmodule.azure-app-network.azurerm_virtual_network.vnet: Creation complete after 9s [id=/subscriptions/37bc21fd-d0f5-46a3-8802-d5136be12b7e/resourceGroups/instruqt-vfej/providers/Microsoft.Network/virtualNetworks/app-vnet][0m[0m
[0m[1mmodule.aws-vpc-app.aws_subnet.private[2]: Creating...[0m[0m
[0m[1mmodule.aws-vpc-app.aws_route_table.public[0]: Creation complete after 1s [id=rtb-048129ee1ef7a506a][0m[0m
[0m[1mmodule.aws-vpc-app.aws_subnet.private[1]: Creating...[0m[0m
[0m[1mmodule.aws-vpc-app.aws_route_table.private[0]: Creation complete after 1s [id=rtb-0b6a083c4cb72fbec][0m[0m
[0m[1mmodule.azure-shared-svcs-network.azurerm_subnet.subnet[0]: Creating...[0m[0m
[0m[1mmodule.aws-vpc-app.aws_subnet.private[0]: Creation complete after 2s [id=subnet-0a50e657a21991155][0m[0m
[0m[1mmodule.azure-app-network.azurerm_subnet.subnet[0]: Creating...[0m[0m
[0m[1mmodule.aws-vpc-app.aws_subnet.private[2]: Creation complete after 2s [id=subnet-09d1d00dcb8509258][0m[0m
[0m[1mmodule.aws-vpc-app.aws_internet_gateway.this[0]: Creation complete after 2s [id=igw-0503502e3132d0a72][0m[0m
[0m[1mmodule.aws-vpc-shared-svcs.aws_subnet.private[0]: Creating...[0m[0m
[0m[1mmodule.aws-vpc-shared-svcs.aws_internet_gateway.this[0]: Creating...[0m[0m
[0m[1mmodule.aws-vpc-app.aws_subnet.private[1]: Creation complete after 2s [id=subnet-0d2733d12e151ddfe][0m[0m
[0m[1mmodule.aws-vpc-shared-svcs.aws_route_table.private[0]: Creating...[0m[0m
[0m[1mmodule.gcp-vpc-shared-svcs.module.vpc.google_compute_network.network: Still creating... [20s elapsed][0m[0m
[0m[1mmodule.gcp-vpc-app.module.vpc.google_compute_network.network: Still creating... [20s elapsed][0m[0m
[0m[1mmodule.aws-vpc-shared-svcs.aws_subnet.private[0]: Creation complete after 2s [id=subnet-0f28b3e2ffeb6c850][0m[0m
[0m[1mmodule.aws-vpc-shared-svcs.aws_route_table.public[0]: Creating...[0m[0m
[0m[1mmodule.aws-vpc-shared-svcs.aws_internet_gateway.this[0]: Creation complete after 2s [id=igw-095b28ec1fc3afa69][0m[0m
[0m[1mmodule.aws-vpc-shared-svcs.aws_subnet.private[2]: Creating...[0m[0m
[0m[1mmodule.aws-vpc-shared-svcs.aws_route_table.private[0]: Creation complete after 1s [id=rtb-02b7a14410d184f9b][0m[0m
[0m[1mmodule.aws-vpc-shared-svcs.aws_subnet.public[2]: Creating...[0m[0m
[0m[1mmodule.aws-vpc-shared-svcs.aws_route_table.public[0]: Creation complete after 1s [id=rtb-0325ab7bbd2a0d1ea][0m[0m
[0m[1mmodule.aws-vpc-shared-svcs.aws_subnet.public[0]: Creating...[0m[0m
[0m[1mmodule.aws-vpc-shared-svcs.aws_subnet.private[2]: Creation complete after 1s [id=subnet-04a046c94626becbd][0m[0m
[0m[1mmodule.aws-vpc-shared-svcs.aws_subnet.private[1]: Creating...[0m[0m
[0m[1mmodule.gcp-vpc-shared-svcs.module.vpc.google_compute_network.network: Creation complete after 22s [id=projects/p-vog23x9oea5u-0/global/networks/vpc-shared-svcs][0m[0m
[0m[1mmodule.aws-vpc-shared-svcs.aws_subnet.public[1]: Creating...[0m[0m
[0m[1mmodule.aws-vpc-shared-svcs.aws_subnet.private[1]: Creation complete after 2s [id=subnet-02954e54ad1f182d6][0m[0m
[0m[1maws_vpc_peering_connection.sharing-svcs: Creating...[0m[0m
[0m[1mmodule.azure-shared-svcs-network.azurerm_subnet.subnet[0]: Creation complete after 7s [id=/subscriptions/37bc21fd-d0f5-46a3-8802-d5136be12b7e/resourceGroups/instruqt-vfej/providers/Microsoft.Network/virtualNetworks/shared-svcs-vnet/subnets/shared][0m[0m
[0m[1mazurerm_virtual_network_peering.app-to-shared: Creating...[0m[0m
[0m[1mmodule.azure-app-network.azurerm_subnet.subnet[0]: Creation complete after 6s [id=/subscriptions/37bc21fd-d0f5-46a3-8802-d5136be12b7e/resourceGroups/instruqt-vfej/providers/Microsoft.Network/virtualNetworks/app-vnet/subnets/app][0m[0m
[0m[1mazurerm_virtual_network_peering.shared-to-app: Creating...[0m[0m
[0m[1maws_vpc_peering_connection.sharing-svcs: Creation complete after 2s [id=pcx-000197e73273f78f2][0m[0m
[0m[1mmodule.aws-vpc-app.aws_route.public_internet_gateway[0]: Creating...[0m[0m
[0m[1mmodule.aws-vpc-app.aws_subnet.public[1]: Still creating... [10s elapsed][0m[0m
[0m[1mmodule.aws-vpc-app.aws_subnet.public[2]: Still creating... [10s elapsed][0m[0m
[0m[1mmodule.aws-vpc-app.aws_subnet.public[0]: Still creating... [10s elapsed][0m[0m
[0m[1mmodule.aws-vpc-app.aws_route.public_internet_gateway[0]: Creation complete after 2s [id=r-rtb-048129ee1ef7a506a1080289494][0m[0m
[0m[1mmodule.aws-vpc-app.aws_route_table_association.private[1]: Creating...[0m[0m
[0m[1mmodule.aws-vpc-app.aws_route_table_association.private[1]: Creation complete after 1s [id=rtbassoc-05e09b2bbd56b2461][0m[0m
[0m[1mmodule.aws-vpc-app.aws_route_table_association.private[2]: Creating...[0m[0m
[0m[1mmodule.aws-vpc-app.aws_subnet.public[1]: Creation complete after 12s [id=subnet-0148423971533fc3d][0m[0m
[0m[1mmodule.aws-vpc-app.aws_route_table_association.private[0]: Creating...[0m[0m
[0m[1mmodule.aws-vpc-app.aws_subnet.public[0]: Creation complete after 12s [id=subnet-08c7f9c084499d8fc][0m[0m
[0m[1mmodule.aws-vpc-shared-svcs.aws_route.public_internet_gateway[0]: Creating...[0m[0m
[0m[1mmodule.aws-vpc-app.aws_subnet.public[2]: Creation complete after 12s [id=subnet-0fb1e6c606bbbafd2][0m[0m
[0m[1mmodule.aws-vpc-shared-svcs.aws_route_table_association.private[2]: Creating...[0m[0m
[0m[1mmodule.aws-vpc-app.aws_route_table_association.private[2]: Creation complete after 2s [id=rtbassoc-0acfc6c8ee9aa8689][0m[0m
[0m[1mmodule.aws-vpc-shared-svcs.aws_route_table_association.private[0]: Creating...[0m[0m
[0m[1mmodule.gcp-vpc-app.module.vpc.google_compute_network.network: Still creating... [30s elapsed][0m[0m
[0m[1mmodule.aws-vpc-app.aws_route_table_association.private[0]: Creation complete after 2s [id=rtbassoc-0bad624a9d7e79fdb][0m[0m
[0m[1mmodule.aws-vpc-shared-svcs.aws_route_table_association.private[1]: Creating...[0m[0m
[0m[1mmodule.aws-vpc-shared-svcs.aws_route_table_association.private[2]: Creation complete after 1s [id=rtbassoc-0544705df6435bb00][0m[0m
[0m[1maws_vpc_peering_connection_accepter.app: Creating...[0m[0m
[0m[1mmodule.aws-vpc-shared-svcs.aws_subnet.public[2]: Still creating... [10s elapsed][0m[0m
[0m[1mmodule.aws-vpc-shared-svcs.aws_route.public_internet_gateway[0]: Creation complete after 2s [id=r-rtb-0325ab7bbd2a0d1ea1080289494][0m[0m
[0m[1mmodule.aws-vpc-app.aws_route_table_association.public[0]: Creating...[0m[0m
[0m[1mmodule.aws-vpc-shared-svcs.aws_route_table_association.private[0]: Creation complete after 1s [id=rtbassoc-076020f8e492c3d25][0m[0m
[0m[1mmodule.aws-vpc-app.aws_nat_gateway.this[0]: Creating...[0m[0m
[0m[1mmodule.aws-vpc-shared-svcs.aws_subnet.public[0]: Still creating... [10s elapsed][0m[0m
[0m[1mmodule.gcp-vpc-app.module.vpc.google_compute_network.network: Creation complete after 32s [id=projects/p-vog23x9oea5u-0/global/networks/vpc-app][0m[0m
[0m[1mmodule.aws-vpc-app.aws_route_table_association.public[2]: Creating...[0m[0m
[0m[1mmodule.aws-vpc-shared-svcs.aws_subnet.public[1]: Still creating... [10s elapsed][0m[0m
[0m[1mmodule.aws-vpc-app.aws_route_table_association.public[0]: Creation complete after 2s [id=rtbassoc-0c80a0040f19ef5bf][0m[0m
[0m[1mmodule.aws-vpc-app.aws_route_table_association.public[1]: Creating...[0m[0m
[0m[1mmodule.aws-vpc-shared-svcs.aws_route_table_association.private[1]: Creation complete after 2s [id=rtbassoc-0b1b7ed0ddce81132][0m[0m
[0m[1mgoogle_compute_firewall.shared-consul: Creating...[0m[0m
[0m[1mmodule.aws-vpc-shared-svcs.aws_subnet.public[2]: Creation complete after 12s [id=subnet-0218dec6dd57ff1a8][0m[0m
[0m[1mmodule.gcp-vpc-shared-svcs.module.subnets.google_compute_subnetwork.subnetwork["us-central1/shared"]: Creating...[0m[0m
[0m[1maws_vpc_peering_connection_accepter.app: Creation complete after 3s [id=pcx-000197e73273f78f2][0m[0m
[0m[1mmodule.gcp-vpc-app.module.subnets.google_compute_subnetwork.subnetwork["us-central1/app"]: Creating...[0m[0m
[0m[1mmodule.aws-vpc-app.aws_route_table_association.public[2]: Creation complete after 1s [id=rtbassoc-03da17e17e2a76f93][0m[0m
[0m[1mgoogle_compute_network_peering.shared-to-app: Creating...[0m[0m
[0m[1mmodule.aws-vpc-app.aws_route_table_association.public[1]: Creation complete after 1s [id=rtbassoc-06c986300030773c1][0m[0m
[0m[1mgoogle_compute_network_peering.app-to-shared: Creating...[0m[0m
[0m[1mmodule.aws-vpc-shared-svcs.aws_subnet.public[0]: Creation complete after 12s [id=subnet-00e0abdeeb6e3dfc1][0m[0m
[0m[1mmodule.aws-vpc-shared-svcs.aws_subnet.public[1]: Creation complete after 12s [id=subnet-04d2924304f7e501c][0m[0m
[0m[1mmodule.aws-vpc-shared-svcs.aws_route_table_association.public[2]: Creating...[0m[0m
[0m[1mazurerm_virtual_network_peering.app-to-shared: Still creating... [10s elapsed][0m[0m
[0m[1mmodule.aws-vpc-shared-svcs.aws_route_table_association.public[0]: Creating...[0m[0m
[0m[1mgoogle_compute_network_peering.shared-to-app: Creation complete after 1s [id=vpc-shared-svcs/shared-to-app][0m[0m
[0m[1mmodule.aws-vpc-shared-svcs.aws_nat_gateway.this[0]: Creating...[0m[0m
[0m[1mazurerm_virtual_network_peering.shared-to-app: Still creating... [10s elapsed][0m[0m
[0m[1mmodule.aws-vpc-shared-svcs.aws_route_table_association.public[0]: Creation complete after 1s [id=rtbassoc-036269a469e127242][0m[0m
[0m[1mmodule.aws-vpc-shared-svcs.aws_route_table_association.public[1]: Creating...[0m[0m
[0m[1mmodule.aws-vpc-shared-svcs.aws_route_table_association.public[2]: Creation complete after 1s [id=rtbassoc-02a0826486eb03f0f][0m[0m
[0m[1mmodule.aws-vpc-shared-svcs.aws_route_table_association.public[1]: Creation complete after 2s [id=rtbassoc-0c46ccd3a51a2605f][0m[0m
[0m[1mazurerm_virtual_network_peering.app-to-shared: Creation complete after 14s [id=/subscriptions/37bc21fd-d0f5-46a3-8802-d5136be12b7e/resourceGroups/instruqt-vfej/providers/Microsoft.Network/virtualNetworks/app-vnet/virtualNetworkPeerings/AppToShared][0m[0m
[0m[1mmodule.aws-vpc-app.aws_nat_gateway.this[0]: Still creating... [10s elapsed][0m[0m
[0m[1mgoogle_compute_firewall.shared-consul: Still creating... [10s elapsed][0m[0m
[0m[1mmodule.gcp-vpc-shared-svcs.module.subnets.google_compute_subnetwork.subnetwork["us-central1/shared"]: Still creating... [10s elapsed][0m[0m
[0m[1mmodule.gcp-vpc-app.module.subnets.google_compute_subnetwork.subnetwork["us-central1/app"]: Still creating... [10s elapsed][0m[0m
[0m[1mgoogle_compute_network_peering.app-to-shared: Still creating... [10s elapsed][0m[0m
[0m[1mgoogle_compute_firewall.shared-consul: Creation complete after 12s [id=projects/p-vog23x9oea5u-0/global/firewalls/shared-allow-consul][0m[0m
[0m[1mmodule.aws-vpc-shared-svcs.aws_nat_gateway.this[0]: Still creating... [10s elapsed][0m[0m
[0m[1mazurerm_virtual_network_peering.shared-to-app: Still creating... [20s elapsed][0m[0m
[0m[1mgoogle_compute_network_peering.app-to-shared: Creation complete after 13s [id=vpc-app/app-to-shared][0m[0m
[0m[1mmodule.aws-vpc-app.aws_nat_gateway.this[0]: Still creating... [20s elapsed][0m[0m
[0m[1mmodule.gcp-vpc-shared-svcs.module.subnets.google_compute_subnetwork.subnetwork["us-central1/shared"]: Still creating... [20s elapsed][0m[0m
[0m[1mmodule.gcp-vpc-app.module.subnets.google_compute_subnetwork.subnetwork["us-central1/app"]: Still creating... [20s elapsed][0m[0m
[0m[1mmodule.aws-vpc-shared-svcs.aws_nat_gateway.this[0]: Still creating... [20s elapsed][0m[0m
[0m[1mazurerm_virtual_network_peering.shared-to-app: Still creating... [30s elapsed][0m[0m
[0m[1mmodule.aws-vpc-app.aws_nat_gateway.this[0]: Still creating... [30s elapsed][0m[0m
[0m[1mazurerm_virtual_network_peering.shared-to-app: Creation complete after 38s [id=/subscriptions/37bc21fd-d0f5-46a3-8802-d5136be12b7e/resourceGroups/instruqt-vfej/providers/Microsoft.Network/virtualNetworks/shared-svcs-vnet/virtualNetworkPeerings/SharedToApp][0m[0m
[0m[1mmodule.gcp-vpc-shared-svcs.module.subnets.google_compute_subnetwork.subnetwork["us-central1/shared"]: Still creating... [30s elapsed][0m[0m
[0m[1mmodule.gcp-vpc-app.module.subnets.google_compute_subnetwork.subnetwork["us-central1/app"]: Still creating... [30s elapsed][0m[0m
[0m[1mmodule.aws-vpc-shared-svcs.aws_nat_gateway.this[0]: Still creating... [30s elapsed][0m[0m
[0m[1mmodule.gcp-vpc-shared-svcs.module.subnets.google_compute_subnetwork.subnetwork["us-central1/shared"]: Creation complete after 36s [id=projects/p-vog23x9oea5u-0/regions/us-central1/subnetworks/shared][0m[0m
[0m[1mmodule.aws-vpc-app.aws_nat_gateway.this[0]: Still creating... [40s elapsed][0m[0m
[0m[1mmodule.gcp-vpc-app.module.subnets.google_compute_subnetwork.subnetwork["us-central1/app"]: Still creating... [40s elapsed][0m[0m
[0m[1mmodule.aws-vpc-shared-svcs.aws_nat_gateway.this[0]: Still creating... [40s elapsed][0m[0m
[0m[1mmodule.gcp-vpc-app.module.subnets.google_compute_subnetwork.subnetwork["us-central1/app"]: Creation complete after 46s [id=projects/p-vog23x9oea5u-0/regions/us-central1/subnetworks/app][0m[0m
[0m[1mmodule.aws-vpc-app.aws_nat_gateway.this[0]: Still creating... [50s elapsed][0m[0m
[0m[1mmodule.aws-vpc-shared-svcs.aws_nat_gateway.this[0]: Still creating... [50s elapsed][0m[0m
[0m[1mmodule.aws-vpc-app.aws_nat_gateway.this[0]: Still creating... [1m0s elapsed][0m[0m
[0m[1mmodule.aws-vpc-shared-svcs.aws_nat_gateway.this[0]: Still creating... [1m0s elapsed][0m[0m
[0m[1mmodule.aws-vpc-app.aws_nat_gateway.this[0]: Still creating... [1m10s elapsed][0m[0m
[0m[1mmodule.aws-vpc-shared-svcs.aws_nat_gateway.this[0]: Still creating... [1m10s elapsed][0m[0m
[0m[1mmodule.aws-vpc-app.aws_nat_gateway.this[0]: Still creating... [1m20s elapsed][0m[0m
[0m[1mmodule.aws-vpc-shared-svcs.aws_nat_gateway.this[0]: Still creating... [1m20s elapsed][0m[0m
[0m[1mmodule.aws-vpc-app.aws_nat_gateway.this[0]: Still creating... [1m30s elapsed][0m[0m
[0m[1mmodule.aws-vpc-shared-svcs.aws_nat_gateway.this[0]: Still creating... [1m30s elapsed][0m[0m
[0m[1mmodule.aws-vpc-shared-svcs.aws_nat_gateway.this[0]: Creation complete after 1m31s [id=nat-02689f9590d985ce0][0m[0m
[0m[1mmodule.aws-vpc-shared-svcs.aws_route.private_nat_gateway[0]: Creating...[0m[0m
[0m[1mmodule.aws-vpc-shared-svcs.aws_route.private_nat_gateway[0]: Creation complete after 3s [id=r-rtb-02b7a14410d184f9b1080289494][0m[0m
[0m[1mmodule.aws-vpc-app.aws_nat_gateway.this[0]: Creation complete after 1m40s [id=nat-0aad773cd7c5fa44c][0m[0m
[0m[1mmodule.aws-vpc-app.aws_route.private_nat_gateway[0]: Creating...[0m[0m
[0m[1mmodule.aws-vpc-app.aws_route.private_nat_gateway[0]: Creation complete after 3s [id=r-rtb-0b6a083c4cb72fbec1080289494][0m[0m
[33m
[1m[33mWarning: [0m[0m[1m"skip_credentials_validation": [DEPRECATED] This field is deprecated and will be removed in version 3.0 of the Azure Provider[0m

[0m[0m[0m
[33m
[1m[33mWarning: [0m[0m[1mAttribute Deprecated[0m

[0m  on main.tf line 24, in resource "random_string" "env":
  24:   number  = [4mfalse[0m
[0m
**NOTE**: This is deprecated, use `numeric` instead.
[0m[0m
[0m[1m[32m
Apply complete! Resources: 58 added, 0 changed, 0 destroyed.[0m
[0m[1m[32m
Outputs:

aws_shared_svcs_private_subnets = [
  "subnet-0f28b3e2ffeb6c850",
  "subnet-02954e54ad1f182d6",
  "subnet-04a046c94626becbd",
]
aws_shared_svcs_public_subnets = [
  "subnet-00e0abdeeb6e3dfc1",
  "subnet-04d2924304f7e501c",
  "subnet-0218dec6dd57ff1a8",
]
aws_shared_svcs_vpc = vpc-09d729a27d42ad613
aws_ssh_key_name = instruqt-vfej
azure_app_public_subnets = [
  "/subscriptions/37bc21fd-d0f5-46a3-8802-d5136be12b7e/resourceGroups/instruqt-vfej/providers/Microsoft.Network/virtualNetworks/app-vnet/subnets/app",
]
azure_rg_location = southcentralus
azure_rg_name = instruqt-vfej
azure_shared_svcs_public_subnets = [
  "/subscriptions/37bc21fd-d0f5-46a3-8802-d5136be12b7e/resourceGroups/instruqt-vfej/providers/Microsoft.Network/virtualNetworks/shared-svcs-vnet/subnets/shared",
]
env = vfej
gcp_shared_svcs_network_self_link = https://www.googleapis.com/compute/v1/projects/p-vog23x9oea5u-0/global/networks/vpc-shared-svcs[0m
