[0m[1mdata.terraform_remote_state.iam: Refreshing state...[0m
[0m[1mdata.terraform_remote_state.infra: Refreshing state...[0m
[0m[1mdata.template_file.aws_tgw_init: Refreshing state...[0m
[0m[1mdata.aws_ami.ubuntu: Refreshing state...[0m
[0m[1mdata.azurerm_image.ubuntu: Refreshing state...[0m
[0m[1mdata.azurerm_subscription.primary: Refreshing state...[0m
[0m[1mdata.template_file.azure-tgw-init: Refreshing state...[0m
[0m[1mconsul_config_entry.aws-terminating_gateway: Creating...[0m[0m
[0m[1mconsul_config_entry.azure-terminating_gateway: Creating...[0m[0m
[0m[1mconsul_config_entry.azure-terminating_gateway: Creation complete after 1s [id=terminating-gateway-azure-west-us-2-terminating-gateway][0m[0m
[0m[1mconsul_config_entry.aws-terminating_gateway: Creation complete after 1s [id=terminating-gateway-aws-us-east-1-terminating-gateway][0m[0m
[0m[1maws_security_group.consul: Creating...[0m[0m
[0m[1mazurerm_public_ip.tgw: Creating...[0m[0m
[0m[1maws_security_group.consul: Creation complete after 7s [id=sg-0b3a600d3cbfeb8b0][0m[0m
[0m[1maws_instance.tgw: Creating...[0m[0m
[0m[1mazurerm_public_ip.tgw: Creation complete after 6s [id=/subscriptions/37bc21fd-d0f5-46a3-8802-d5136be12b7e/resourceGroups/instruqt-vfej/providers/Microsoft.Network/publicIPAddresses/consul-tgw-ip][0m[0m
[0m[1mazurerm_network_interface.consul-tgw: Creating...[0m[0m
[0m[1mazurerm_network_interface.consul-tgw: Creation complete after 5s [id=/subscriptions/37bc21fd-d0f5-46a3-8802-d5136be12b7e/resourceGroups/instruqt-vfej/providers/Microsoft.Network/networkInterfaces/consul-tgw-nic][0m[0m
[0m[1mazurerm_virtual_machine.consul-tgw: Creating...[0m[0m
[0m[1maws_instance.tgw: Still creating... [10s elapsed][0m[0m
[0m[1maws_instance.tgw: Creation complete after 17s [id=i-022eae124c0e39851][0m[0m
[0m[1mazurerm_virtual_machine.consul-tgw: Still creating... [10s elapsed][0m[0m
[0m[1mazurerm_virtual_machine.consul-tgw: Still creating... [20s elapsed][0m[0m
[0m[1mazurerm_virtual_machine.consul-tgw: Still creating... [30s elapsed][0m[0m
[0m[1mazurerm_virtual_machine.consul-tgw: Still creating... [40s elapsed][0m[0m
[0m[1mazurerm_virtual_machine.consul-tgw: Still creating... [50s elapsed][0m[0m
[0m[1mazurerm_virtual_machine.consul-tgw: Creation complete after 55s [id=/subscriptions/37bc21fd-d0f5-46a3-8802-d5136be12b7e/resourceGroups/instruqt-vfej/providers/Microsoft.Compute/virtualMachines/consul-tgw-vm][0m[0m
[33m
[1m[33mWarning: [0m[0m[1m"skip_credentials_validation": [DEPRECATED] This field is deprecated and will be removed in version 3.0 of the Azure Provider[0m

[0m[0m[0m
[0m[1m[32m
Apply complete! Resources: 7 added, 0 changed, 0 destroyed.[0m
[0m[1m[32m
Outputs:

aws_tgw_private_ip = 10.1.3.63
aws_tgw_public_ip = 54.197.148.44
azure_tgw_public_ip = 52.248.80.157[0m
