[0m[1mdata.terraform_remote_state.iam: Refreshing state...[0m
[0m[1mdata.terraform_remote_state.infra: Refreshing state...[0m
[0m[1maws_elasticache_subnet_group.default: Refreshing state... [id=redis-cache-subnet-vfej][0m
[0m[1maws_security_group.redis: Refreshing state... [id=sg-0e3453ba3fb825814][0m
[0m[1maws_elasticache_cluster.redis: Refreshing state... [id=redis-cluster-example][0m
[0m[1mconsul_config_entry.redis: Creating...[0m[0m
[0m[1mconsul_config_entry.redis: Creation complete after 0s [id=service-defaults-redis][0m[0m
[0m[1mconsul_node.aws-elastic-cache: Creating...[0m[0m
[0m[1mconsul_node.aws-elastic-cache: Creation complete after 0s [id=aws-elastic-cache-redis-cluster-example.grtgln.0001.use1.cache.amazonaws.com][0m[0m
[0m[1mconsul_service.aws-elastic-cache: Creating...[0m[0m
[0m[1mconsul_service.aws-elastic-cache: Creation complete after 1s [id=redis][0m[0m
[0m[1m[32m
Apply complete! Resources: 3 added, 0 changed, 0 destroyed.[0m
[0m[1m[32m
Outputs:

aws_elasticache_cache_nodes = [
  {
    "address" = "redis-cluster-example.grtgln.0001.use1.cache.amazonaws.com"
    "availability_zone" = "us-east-1a"
    "id" = "0001"
    "port" = 6379
  },
]
elasticache_sg = sg-0e3453ba3fb825814[0m
