[0m[1mdata.terraform_remote_state.infra: Refreshing state...[0m
[0m[1mdata.terraform_remote_state.consul-primary: Refreshing state...[0m
[0m[1mdata.terraform_remote_state.iam: Refreshing state...[0m
[0m[1mdata.template_file.azure-server-init: Refreshing state...[0m
[0m[1mdata.azurerm_subscription.primary: Refreshing state...[0m
[0m[1mdata.azurerm_image.ubuntu: Refreshing state...[0m
[0m[1mdata.template_file.azure-mgw-init: Refreshing state...[0m
[0m[1mazurerm_public_ip.consul: Creating...[0m[0m
[0m[1mazurerm_public_ip.mgw: Creating...[0m[0m
[0m[1mazurerm_public_ip.consul: Creation complete after 6s [id=/subscriptions/37bc21fd-d0f5-46a3-8802-d5136be12b7e/resourceGroups/instruqt-vfej/providers/Microsoft.Network/publicIPAddresses/consul-server-ip][0m[0m
[0m[1mazurerm_network_interface.consul: Creating...[0m[0m
[0m[1mazurerm_public_ip.mgw: Creation complete after 7s [id=/subscriptions/37bc21fd-d0f5-46a3-8802-d5136be12b7e/resourceGroups/instruqt-vfej/providers/Microsoft.Network/publicIPAddresses/consul-mgw-ip][0m[0m
[0m[1mazurerm_network_interface.consul-mgw: Creating...[0m[0m
[0m[1mazurerm_network_interface.consul: Creation complete after 7s [id=/subscriptions/37bc21fd-d0f5-46a3-8802-d5136be12b7e/resourceGroups/instruqt-vfej/providers/Microsoft.Network/networkInterfaces/consul-server-nic][0m[0m
[0m[1mazurerm_virtual_machine.consul: Creating...[0m[0m
[0m[1mazurerm_network_interface.consul-mgw: Still creating... [10s elapsed][0m[0m
[0m[1mazurerm_network_interface.consul-mgw: Creation complete after 10s [id=/subscriptions/37bc21fd-d0f5-46a3-8802-d5136be12b7e/resourceGroups/instruqt-vfej/providers/Microsoft.Network/networkInterfaces/consul-mgw-nic][0m[0m
[0m[1mazurerm_virtual_machine.consul-mgw: Creating...[0m[0m
[0m[1mazurerm_virtual_machine.consul: Still creating... [10s elapsed][0m[0m
[0m[1mazurerm_virtual_machine.consul-mgw: Still creating... [10s elapsed][0m[0m
[0m[1mazurerm_virtual_machine.consul: Still creating... [20s elapsed][0m[0m
[0m[1mazurerm_virtual_machine.consul-mgw: Still creating... [20s elapsed][0m[0m
[0m[1mazurerm_virtual_machine.consul: Still creating... [30s elapsed][0m[0m
[0m[1mazurerm_virtual_machine.consul-mgw: Still creating... [30s elapsed][0m[0m
[0m[1mazurerm_virtual_machine.consul: Still creating... [40s elapsed][0m[0m
[0m[1mazurerm_virtual_machine.consul-mgw: Still creating... [40s elapsed][0m[0m
[0m[1mazurerm_virtual_machine.consul: Still creating... [50s elapsed][0m[0m
[0m[1mazurerm_virtual_machine.consul-mgw: Still creating... [50s elapsed][0m[0m
[0m[1mazurerm_virtual_machine.consul: Creation complete after 56s [id=/subscriptions/37bc21fd-d0f5-46a3-8802-d5136be12b7e/resourceGroups/instruqt-vfej/providers/Microsoft.Compute/virtualMachines/consul-server-vm][0m[0m
[0m[1mazurerm_virtual_machine.consul-mgw: Creation complete after 53s [id=/subscriptions/37bc21fd-d0f5-46a3-8802-d5136be12b7e/resourceGroups/instruqt-vfej/providers/Microsoft.Compute/virtualMachines/consul-mgw-vm][0m[0m
[33m
[1m[33mWarning: [0m[0m[1m"skip_credentials_validation": [DEPRECATED] This field is deprecated and will be removed in version 3.0 of the Azure Provider[0m

[0m[0m[0m
[0m[1m[32m
Apply complete! Resources: 6 added, 0 changed, 0 destroyed.[0m
[0m[1m[32m
Outputs:

azure_consul_public_ip = 157.55.190.108
azure_mgw_public_ip = 40.84.145.201[0m
